<?xml version="1.0" encoding="UTF-8"?>
<!-- Generated by org.testng.reporters.JUnitReportReporter -->
<testsuite hostname="Siddharths-Mac.local" failures="1" tests="5" name="MainTests.GoogleTest" time="42.110" errors="0" timestamp="2024-03-27T22:56:21 IST" skipped="3">
  <testcase classname="MainTests.GoogleTest" name="sampleTestGoogle" time="7.638">
    <skipped/>
  </testcase> <!-- sampleTestGoogle -->
  <system-out/>
  <testcase classname="MainTests.GoogleTest" name="sampleTestAmazon" time="7.625"/>
  <system-out/>
  <testcase classname="MainTests.GoogleTest" name="sampleTestGoogle" time="9.524">
    <failure message="null" type="java.lang.AssertionError">
      <![CDATA[java.lang.AssertionError: null
at org.testng.Assert.fail(Assert.java:110)
at org.testng.Assert.fail(Assert.java:115)
at MainTests.GoogleTest.sampleTestGoogle(GoogleTest.java:22)
at java.base/jdk.internal.reflect.NativeMethodAccessorImpl.invoke0(Native Method)
at java.base/jdk.internal.reflect.NativeMethodAccessorImpl.invoke(NativeMethodAccessorImpl.java:77)
at java.base/jdk.internal.reflect.DelegatingMethodAccessorImpl.invoke(DelegatingMethodAccessorImpl.java:43)
at java.base/java.lang.reflect.Method.invoke(Method.java:568)
at org.testng.internal.invokers.MethodInvocationHelper.invokeMethod(MethodInvocationHelper.java:139)
at org.testng.internal.invokers.TestInvoker.invokeMethod(TestInvoker.java:677)
at org.testng.internal.invokers.TestInvoker.retryFailed(TestInvoker.java:263)
at org.testng.internal.invokers.MethodRunner.runInSequence(MethodRunner.java:62)
at org.testng.internal.invokers.TestInvoker$MethodInvocationAgent.invoke(TestInvoker.java:962)
at org.testng.internal.invokers.TestInvoker.invokeTestMethods(TestInvoker.java:194)
at org.testng.internal.invokers.TestMethodWorker.invokeTestMethods(TestMethodWorker.java:148)
at org.testng.internal.invokers.TestMethodWorker.run(TestMethodWorker.java:128)
at java.base/java.util.concurrent.ThreadPoolExecutor.runWorker(ThreadPoolExecutor.java:1136)
at java.base/java.util.concurrent.ThreadPoolExecutor$Worker.run(ThreadPoolExecutor.java:635)
at java.base/java.lang.Thread.run(Thread.java:842)
]]>
    </failure>
  </testcase> <!-- sampleTestGoogle -->
  <system-out/>
  <testcase classname="MainTests.GoogleTest" name="sampleTestGoogle" time="7.787">
    <skipped/>
  </testcase> <!-- sampleTestGoogle -->
  <system-out/>
  <testcase classname="MainTests.GoogleTest" name="sampleTestGoogle" time="9.536">
    <skipped/>
  </testcase> <!-- sampleTestGoogle -->
  <system-out/>
</testsuite> <!-- MainTests.GoogleTest -->
